<?xml version="1.0" encoding="UTF-8"?>
<testng-results skipped="0" failed="0" total="1" passed="1">
  <reporter-output>
  </reporter-output>
  <suite name="Default suite" duration-ms="10135" started-at="2015-01-30T17:59:16Z" finished-at="2015-01-30T17:59:26Z">
    <groups>
    </groups>
    <test name="Default test" duration-ms="10135" started-at="2015-01-30T17:59:16Z" finished-at="2015-01-30T17:59:26Z">
      <class name="cool.CreatingListOfElement">
        <test-method status="PASS" signature="setUp()[pri:0, instance:cool.CreatingListOfElement@6833ce2c]" name="setUp" is-config="true" duration-ms="7438" started-at="2015-01-30T12:59:16Z" finished-at="2015-01-30T12:59:24Z">
          <reporter-output>
          </reporter-output>
        </test-method> <!-- setUp -->
        <test-method status="PASS" signature="capturingLink()[pri:0, instance:cool.CreatingListOfElement@6833ce2c]" name="capturingLink" duration-ms="2681" started-at="2015-01-30T12:59:24Z" finished-at="2015-01-30T12:59:26Z">
          <reporter-output>
          </reporter-output>
        </test-method> <!-- capturingLink -->
      </class> <!-- cool.CreatingListOfElement -->
    </test> <!-- Default test -->
  </suite> <!-- Default suite -->
</testng-results>
